# JRE version: OpenJDK Runtime Environment (8.0_242-b01) (build 1.8.0_242-release-1644-b01)
# Java VM: OpenJDK 64-Bit Server VM (25.242-b01 mixed mode windows-amd64 compressed oops)
Heap:
 PSYoungGen      total 399872K, used 115539K [0x00000000d5580000, 0x00000000f5100000, 0x0000000100000000)
  eden space 342528K, 18% used [0x00000000d5580000,0x00000000d936a6d8,0x00000000ea400000)
  from space 57344K, 90% used [0x00000000ea400000,0x00000000ed6ea588,0x00000000edc00000)
  to   space 64512K, 0% used [0x00000000f1200000,0x00000000f1200000,0x00000000f5100000)
 ParOldGen       total 154624K, used 99692K [0x0000000080000000, 0x0000000089700000, 0x00000000d5580000)
  object space 154624K, 64% used [0x0000000080000000,0x000000008615b2b0,0x0000000089700000)
 Metaspace       used 85116K, capacity 90034K, committed 90112K, reserved 1126400K
  class space    used 11550K, capacity 12492K, committed 12544K, reserved 1048576K
GC Heap History (10 events):
Event: 15.227 GC heap before
{Heap before GC invocations=16 (full 3):
 PSYoungGen      total 258048K, used 258029K [0x00000000d5580000, 0x00000000e7000000, 0x0000000100000000)
  eden space 240128K, 100% used [0x00000000d5580000,0x00000000e4000000,0x00000000e4000000)
  from space 17920K, 99% used [0x00000000e5e80000,0x00000000e6ffb5a8,0x00000000e7000000)
  to   space 20992K, 0% used [0x00000000e4700000,0x00000000e4700000,0x00000000e5b80000)
 ParOldGen       total 154624K, used 32887K [0x0000000080000000, 0x0000000089700000, 0x00000000d5580000)
  object space 154624K, 21% used [0x0000000080000000,0x000000008201de08,0x0000000089700000)
 Metaspace       used 76217K, capacity 80214K, committed 80384K, reserved 1118208K
  class space    used 10596K, capacity 11418K, committed 11520K, reserved 1048576K
Event: 15.278 GC heap after
Heap after GC invocations=16 (full 3):
 PSYoungGen      total 268288K, used 20985K [0x00000000d5580000, 0x00000000eb480000, 0x0000000100000000)
  eden space 247296K, 0% used [0x00000000d5580000,0x00000000d5580000,0x00000000e4700000)
  from space 20992K, 99% used [0x00000000e4700000,0x00000000e5b7e668,0x00000000e5b80000)
  to   space 33792K, 0% used [0x00000000e9380000,0x00000000e9380000,0x00000000eb480000)
 ParOldGen       total 154624K, used 59281K [0x0000000080000000, 0x0000000089700000, 0x00000000d5580000)
  object space 154624K, 38% used [0x0000000080000000,0x00000000839e46c0,0x0000000089700000)
 Metaspace       used 76217K, capacity 80214K, committed 80384K, reserved 1118208K
  class space    used 10596K, capacity 11418K, committed 11520K, reserved 1048576K
}
Event: 18.050 GC heap before
{Heap before GC invocations=17 (full 3):
 PSYoungGen      total 268288K, used 268281K [0x00000000d5580000, 0x00000000eb480000, 0x0000000100000000)
  eden space 247296K, 100% used [0x00000000d5580000,0x00000000e4700000,0x00000000e4700000)
  from space 20992K, 99% used [0x00000000e4700000,0x00000000e5b7e668,0x00000000e5b80000)
  to   space 33792K, 0% used [0x00000000e9380000,0x00000000e9380000,0x00000000eb480000)
 ParOldGen       total 154624K, used 59281K [0x0000000080000000, 0x0000000089700000, 0x00000000d5580000)
  object space 154624K, 38% used [0x0000000080000000,0x00000000839e46c0,0x0000000089700000)
 Metaspace       used 80110K, capacity 84628K, committed 84864K, reserved 1122304K
  class space    used 11035K, capacity 11901K, committed 11904K, reserved 1048576K
Event: 18.120 GC heap after
Heap after GC invocations=17 (full 3):
 PSYoungGen      total 321024K, used 32337K [0x00000000d5580000, 0x00000000ec600000, 0x0000000100000000)
  eden space 287232K, 0% used [0x00000000d5580000,0x00000000d5580000,0x00000000e6e00000)
  from space 33792K, 95% used [0x00000000e9380000,0x00000000eb3145a8,0x00000000eb480000)
  to   space 38400K, 0% used [0x00000000e6e00000,0x00000000e6e00000,0x00000000e9380000)
 ParOldGen       total 154624K, used 59281K [0x0000000080000000, 0x0000000089700000, 0x00000000d5580000)
  object space 154624K, 38% used [0x0000000080000000,0x00000000839e46c0,0x0000000089700000)
 Metaspace       used 80110K, capacity 84628K, committed 84864K, reserved 1122304K
  class space    used 11035K, capacity 11901K, committed 11904K, reserved 1048576K
}
Event: 20.052 GC heap before
{Heap before GC invocations=18 (full 3):
 PSYoungGen      total 321024K, used 319569K [0x00000000d5580000, 0x00000000ec600000, 0x0000000100000000)
  eden space 287232K, 100% used [0x00000000d5580000,0x00000000e6e00000,0x00000000e6e00000)
  from space 33792K, 95% used [0x00000000e9380000,0x00000000eb3145a8,0x00000000eb480000)
  to   space 38400K, 0% used [0x00000000e6e00000,0x00000000e6e00000,0x00000000e9380000)
 ParOldGen       total 154624K, used 59281K [0x0000000080000000, 0x0000000089700000, 0x00000000d5580000)
  object space 154624K, 38% used [0x0000000080000000,0x00000000839e46c0,0x0000000089700000)
 Metaspace       used 80306K, capacity 84842K, committed 84992K, reserved 1122304K
  class space    used 11054K, capacity 11916K, committed 12032K, reserved 1048576K
Event: 20.141 GC heap after
Heap after GC invocations=18 (full 3):
 PSYoungGen      total 325632K, used 34950K [0x00000000d5580000, 0x00000000f0600000, 0x0000000100000000)
  eden space 287232K, 0% used [0x00000000d5580000,0x00000000d5580000,0x00000000e6e00000)
  from space 38400K, 91% used [0x00000000e6e00000,0x00000000e9021aa0,0x00000000e9380000)
  to   space 43008K, 0% used [0x00000000edc00000,0x00000000edc00000,0x00000000f0600000)
 ParOldGen       total 154624K, used 59281K [0x0000000080000000, 0x0000000089700000, 0x00000000d5580000)
  object space 154624K, 38% used [0x0000000080000000,0x00000000839e46c0,0x0000000089700000)
 Metaspace       used 80306K, capacity 84842K, committed 84992K, reserved 1122304K
  class space    used 11054K, capacity 11916K, committed 12032K, reserved 1048576K
}
Event: 24.771 GC heap before
{Heap before GC invocations=19 (full 3):
 PSYoungGen      total 325632K, used 322182K [0x00000000d5580000, 0x00000000f0600000, 0x0000000100000000)
  eden space 287232K, 100% used [0x00000000d5580000,0x00000000e6e00000,0x00000000e6e00000)
  from space 38400K, 91% used [0x00000000e6e00000,0x00000000e9021aa0,0x00000000e9380000)
  to   space 43008K, 0% used [0x00000000edc00000,0x00000000edc00000,0x00000000f0600000)
 ParOldGen       total 154624K, used 59281K [0x0000000080000000, 0x0000000089700000, 0x00000000d5580000)
  object space 154624K, 38% used [0x0000000080000000,0x00000000839e46c0,0x0000000089700000)
 Metaspace       used 82465K, capacity 87226K, committed 87552K, reserved 1124352K
  class space    used 11269K, capacity 12174K, committed 12288K, reserved 1048576K
Event: 24.851 GC heap after
Heap after GC invocations=19 (full 3):
 PSYoungGen      total 385536K, used 42985K [0x00000000d5580000, 0x00000000f1e00000, 0x0000000100000000)
  eden space 342528K, 0% used [0x00000000d5580000,0x00000000d5580000,0x00000000ea400000)
  from space 43008K, 99% used [0x00000000edc00000,0x00000000f05fa6d8,0x00000000f0600000)
  to   space 57344K, 0% used [0x00000000ea400000,0x00000000ea400000,0x00000000edc00000)
 ParOldGen       total 154624K, used 79674K [0x0000000080000000, 0x0000000089700000, 0x00000000d5580000)
  object space 154624K, 51% used [0x0000000080000000,0x0000000084dce9a8,0x0000000089700000)
 Metaspace       used 82465K, capacity 87226K, committed 87552K, reserved 1124352K
  class space    used 11269K, capacity 12174K, committed 12288K, reserved 1048576K
}
Event: 31.340 GC heap before
{Heap before GC invocations=20 (full 3):
 PSYoungGen      total 385536K, used 385513K [0x00000000d5580000, 0x00000000f1e00000, 0x0000000100000000)
  eden space 342528K, 100% used [0x00000000d5580000,0x00000000ea400000,0x00000000ea400000)
  from space 43008K, 99% used [0x00000000edc00000,0x00000000f05fa6d8,0x00000000f0600000)
  to   space 57344K, 0% used [0x00000000ea400000,0x00000000ea400000,0x00000000edc00000)
 ParOldGen       total 154624K, used 79674K [0x0000000080000000, 0x0000000089700000, 0x00000000d5580000)
  object space 154624K, 51% used [0x0000000080000000,0x0000000084dce9a8,0x0000000089700000)
 Metaspace       used 83623K, capacity 88572K, committed 88704K, reserved 1126400K
  class space    used 11383K, capacity 12325K, committed 12416K, reserved 1048576K
Event: 31.428 GC heap after
Heap after GC invocations=20 (full 3):
 PSYoungGen      total 399872K, used 52137K [0x00000000d5580000, 0x00000000f5100000, 0x0000000100000000)
  eden space 342528K, 0% used [0x00000000d5580000,0x00000000d5580000,0x00000000ea400000)
  from space 57344K, 90% used [0x00000000ea400000,0x00000000ed6ea588,0x00000000edc00000)
  to   space 64512K, 0% used [0x00000000f1200000,0x00000000f1200000,0x00000000f5100000)
 ParOldGen       total 154624K, used 99692K [0x0000000080000000, 0x0000000089700000, 0x00000000d5580000)
  object space 154624K, 64% used [0x0000000080000000,0x000000008615b2b0,0x0000000089700000)
 Metaspace       used 83623K, capacity 88572K, committed 88704K, reserved 1126400K
  class space    used 11383K, capacity 12325K, committed 12416K, reserved 1048576K
}

