# JRE version: OpenJDK Runtime Environment (8.0_242-b01) (build 1.8.0_242-release-1644-b01)
# Java VM: OpenJDK 64-Bit Server VM (25.242-b01 mixed mode windows-amd64 compressed oops)
Heap:
 PSYoungGen      total 429056K, used 81376K [0x00000000d5580000, 0x00000000f1980000, 0x0000000100000000)
  eden space 397312K, 12% used [0x00000000d5580000,0x00000000d85fd2b8,0x00000000ed980000)
  from space 31744K, 99% used [0x00000000edb80000,0x00000000efa7af78,0x00000000efa80000)
  to   space 22528K, 0% used [0x00000000f0380000,0x00000000f0380000,0x00000000f1980000)
 ParOldGen       total 211968K, used 85595K [0x0000000080000000, 0x000000008cf00000, 0x00000000d5580000)
  object space 211968K, 40% used [0x0000000080000000,0x0000000085396fd8,0x000000008cf00000)
 Metaspace       used 110998K, capacity 116914K, committed 116952K, reserved 1150976K
  class space    used 14443K, capacity 15612K, committed 15616K, reserved 1048576K
GC Heap History (10 events):
Event: 737.011 GC heap before
{Heap before GC invocations=17 (full 3):
 PSYoungGen      total 295936K, used 199259K [0x00000000d5580000, 0x00000000ede00000, 0x0000000100000000)
  eden space 273408K, 64% used [0x00000000d5580000,0x00000000e021bc60,0x00000000e6080000)
  from space 22528K, 99% used [0x00000000e6080000,0x00000000e767b1b8,0x00000000e7680000)
  to   space 30720K, 0% used [0x00000000ec000000,0x00000000ec000000,0x00000000ede00000)
 ParOldGen       total 142336K, used 46556K [0x0000000080000000, 0x0000000088b00000, 0x00000000d5580000)
  object space 142336K, 32% used [0x0000000080000000,0x0000000082d77060,0x0000000088b00000)
 Metaspace       used 93526K, capacity 98136K, committed 98280K, reserved 1134592K
  class space    used 12401K, capacity 13332K, committed 13440K, reserved 1048576K
Event: 737.042 GC heap after
Heap after GC invocations=17 (full 3):
 PSYoungGen      total 357888K, used 15633K [0x00000000d5580000, 0x00000000ed680000, 0x0000000100000000)
  eden space 334848K, 0% used [0x00000000d5580000,0x00000000d5580000,0x00000000e9c80000)
  from space 23040K, 67% used [0x00000000ec000000,0x00000000ecf44790,0x00000000ed680000)
  to   space 29696K, 0% used [0x00000000e9c80000,0x00000000e9c80000,0x00000000eb980000)
 ParOldGen       total 142336K, used 60372K [0x0000000080000000, 0x0000000088b00000, 0x00000000d5580000)
  object space 142336K, 42% used [0x0000000080000000,0x0000000083af5190,0x0000000088b00000)
 Metaspace       used 93526K, capacity 98136K, committed 98280K, reserved 1134592K
  class space    used 12401K, capacity 13332K, committed 13440K, reserved 1048576K
}
Event: 737.042 GC heap before
{Heap before GC invocations=18 (full 4):
 PSYoungGen      total 357888K, used 15633K [0x00000000d5580000, 0x00000000ed680000, 0x0000000100000000)
  eden space 334848K, 0% used [0x00000000d5580000,0x00000000d5580000,0x00000000e9c80000)
  from space 23040K, 67% used [0x00000000ec000000,0x00000000ecf44790,0x00000000ed680000)
  to   space 29696K, 0% used [0x00000000e9c80000,0x00000000e9c80000,0x00000000eb980000)
 ParOldGen       total 142336K, used 60372K [0x0000000080000000, 0x0000000088b00000, 0x00000000d5580000)
  object space 142336K, 42% used [0x0000000080000000,0x0000000083af5190,0x0000000088b00000)
 Metaspace       used 93526K, capacity 98136K, committed 98280K, reserved 1134592K
  class space    used 12401K, capacity 13332K, committed 13440K, reserved 1048576K
Event: 737.311 GC heap after
Heap after GC invocations=18 (full 4):
 PSYoungGen      total 357888K, used 0K [0x00000000d5580000, 0x00000000ed680000, 0x0000000100000000)
  eden space 334848K, 0% used [0x00000000d5580000,0x00000000d5580000,0x00000000e9c80000)
  from space 23040K, 0% used [0x00000000ec000000,0x00000000ec000000,0x00000000ed680000)
  to   space 29696K, 0% used [0x00000000e9c80000,0x00000000e9c80000,0x00000000eb980000)
 ParOldGen       total 211968K, used 60747K [0x0000000080000000, 0x000000008cf00000, 0x00000000d5580000)
  object space 211968K, 28% used [0x0000000080000000,0x0000000083b52f30,0x000000008cf00000)
 Metaspace       used 93421K, capacity 97804K, committed 98280K, reserved 1134592K
  class space    used 12368K, capacity 13250K, committed 13440K, reserved 1048576K
}
Event: 1209.492 GC heap before
{Heap before GC invocations=19 (full 4):
 PSYoungGen      total 357888K, used 334848K [0x00000000d5580000, 0x00000000ed680000, 0x0000000100000000)
  eden space 334848K, 100% used [0x00000000d5580000,0x00000000e9c80000,0x00000000e9c80000)
  from space 23040K, 0% used [0x00000000ec000000,0x00000000ec000000,0x00000000ed680000)
  to   space 29696K, 0% used [0x00000000e9c80000,0x00000000e9c80000,0x00000000eb980000)
 ParOldGen       total 211968K, used 60747K [0x0000000080000000, 0x000000008cf00000, 0x00000000d5580000)
  object space 211968K, 28% used [0x0000000080000000,0x0000000083b52f30,0x000000008cf00000)
 Metaspace       used 96280K, capacity 101028K, committed 101208K, reserved 1136640K
  class space    used 12620K, capacity 13571K, committed 13696K, reserved 1048576K
Event: 1209.530 GC heap after
Heap after GC invocations=19 (full 4):
 PSYoungGen      total 364544K, used 19192K [0x00000000d5580000, 0x00000000f2100000, 0x0000000100000000)
  eden space 334848K, 0% used [0x00000000d5580000,0x00000000d5580000,0x00000000e9c80000)
  from space 29696K, 64% used [0x00000000e9c80000,0x00000000eaf3e1a8,0x00000000eb980000)
  to   space 30208K, 0% used [0x00000000f0380000,0x00000000f0380000,0x00000000f2100000)
 ParOldGen       total 211968K, used 60755K [0x0000000080000000, 0x000000008cf00000, 0x00000000d5580000)
  object space 211968K, 28% used [0x0000000080000000,0x0000000083b54f30,0x000000008cf00000)
 Metaspace       used 96280K, capacity 101028K, committed 101208K, reserved 1136640K
  class space    used 12620K, capacity 13571K, committed 13696K, reserved 1048576K
}
Event: 1376.560 GC heap before
{Heap before GC invocations=20 (full 4):
 PSYoungGen      total 364544K, used 354040K [0x00000000d5580000, 0x00000000f2100000, 0x0000000100000000)
  eden space 334848K, 100% used [0x00000000d5580000,0x00000000e9c80000,0x00000000e9c80000)
  from space 29696K, 64% used [0x00000000e9c80000,0x00000000eaf3e1a8,0x00000000eb980000)
  to   space 30208K, 0% used [0x00000000f0380000,0x00000000f0380000,0x00000000f2100000)
 ParOldGen       total 211968K, used 60755K [0x0000000080000000, 0x000000008cf00000, 0x00000000d5580000)
  object space 211968K, 28% used [0x0000000080000000,0x0000000083b54f30,0x000000008cf00000)
 Metaspace       used 101756K, capacity 106846K, committed 106968K, reserved 1142784K
  class space    used 13201K, capacity 14262K, committed 14336K, reserved 1048576K
Event: 1376.605 GC heap after
Heap after GC invocations=20 (full 4):
 PSYoungGen      total 419840K, used 22331K [0x00000000d5580000, 0x00000000f1980000, 0x0000000100000000)
  eden space 397312K, 0% used [0x00000000d5580000,0x00000000d5580000,0x00000000ed980000)
  from space 22528K, 99% used [0x00000000f0380000,0x00000000f194ec08,0x00000000f1980000)
  to   space 31744K, 0% used [0x00000000edb80000,0x00000000edb80000,0x00000000efa80000)
 ParOldGen       total 211968K, used 60763K [0x0000000080000000, 0x000000008cf00000, 0x00000000d5580000)
  object space 211968K, 28% used [0x0000000080000000,0x0000000083b56f30,0x000000008cf00000)
 Metaspace       used 101756K, capacity 106846K, committed 106968K, reserved 1142784K
  class space    used 13201K, capacity 14262K, committed 14336K, reserved 1048576K
}
Event: 1385.966 GC heap before
{Heap before GC invocations=21 (full 4):
 PSYoungGen      total 419840K, used 419643K [0x00000000d5580000, 0x00000000f1980000, 0x0000000100000000)
  eden space 397312K, 100% used [0x00000000d5580000,0x00000000ed980000,0x00000000ed980000)
  from space 22528K, 99% used [0x00000000f0380000,0x00000000f194ec08,0x00000000f1980000)
  to   space 31744K, 0% used [0x00000000edb80000,0x00000000edb80000,0x00000000efa80000)
 ParOldGen       total 211968K, used 60763K [0x0000000080000000, 0x000000008cf00000, 0x00000000d5580000)
  object space 211968K, 28% used [0x0000000080000000,0x0000000083b56f30,0x000000008cf00000)
 Metaspace       used 110359K, capacity 116272K, committed 116440K, reserved 1150976K
  class space    used 14386K, capacity 15561K, committed 15616K, reserved 1048576K
Event: 1386.050 GC heap after
Heap after GC invocations=21 (full 4):
 PSYoungGen      total 429056K, used 31723K [0x00000000d5580000, 0x00000000f1980000, 0x0000000100000000)
  eden space 397312K, 0% used [0x00000000d5580000,0x00000000d5580000,0x00000000ed980000)
  from space 31744K, 99% used [0x00000000edb80000,0x00000000efa7af78,0x00000000efa80000)
  to   space 22528K, 0% used [0x00000000f0380000,0x00000000f0380000,0x00000000f1980000)
 ParOldGen       total 211968K, used 85595K [0x0000000080000000, 0x000000008cf00000, 0x00000000d5580000)
  object space 211968K, 40% used [0x0000000080000000,0x0000000085396fd8,0x000000008cf00000)
 Metaspace       used 110359K, capacity 116272K, committed 116440K, reserved 1150976K
  class space    used 14386K, capacity 15561K, committed 15616K, reserved 1048576K
}

